<?xml version="1.0" encoding="UTF-8"?>
<testsuite name="com.buildsomething.zs.springboot.web.PostsApiControllerTest" tests="2" skipped="0" failures="0" errors="0" timestamp="2020-01-28T09:05:22" hostname="DESKTOP-LL9DTAM" time="0.073">
  <properties/>
  <testcase name="Posts_Modify" classname="com.buildsomething.zs.springboot.web.PostsApiControllerTest" time="0.06"/>
  <testcase name="Posts_insert" classname="com.buildsomething.zs.springboot.web.PostsApiControllerTest" time="0.012"/>
  <system-out><![CDATA[2020-01-28 18:05:22.677  INFO 17872 --- [    Test worker] .b.t.c.SpringBootTestContextBootstrapper : Neither @ContextConfiguration nor @ContextHierarchy found for test class [com.buildsomething.zs.springboot.web.PostsApiControllerTest], using SpringBootContextLoader
2020-01-28 18:05:22.678  INFO 17872 --- [    Test worker] o.s.t.c.support.AbstractContextLoader    : Could not detect default resource locations for test class [com.buildsomething.zs.springboot.web.PostsApiControllerTest]: no resource found for suffixes {-context.xml, Context.groovy}.
2020-01-28 18:05:22.678  INFO 17872 --- [    Test worker] t.c.s.AnnotationConfigContextLoaderUtils : Could not detect default configuration classes for test class [com.buildsomething.zs.springboot.web.PostsApiControllerTest]: PostsApiControllerTest does not declare any static, non-private, non-final, nested classes annotated with @Configuration.
2020-01-28 18:05:22.679  INFO 17872 --- [    Test worker] .b.t.c.SpringBootTestContextBootstrapper : Found @SpringBootConfiguration com.buildsomething.zs.springboot.Application for test class com.buildsomething.zs.springboot.web.PostsApiControllerTest
2020-01-28 18:05:22.680  INFO 17872 --- [    Test worker] .b.t.c.SpringBootTestContextBootstrapper : Loaded default TestExecutionListener class names from location [META-INF/spring.factories]: [org.springframework.security.test.context.support.WithSecurityContextTestExecutionListener, org.springframework.security.test.context.support.ReactorContextTestExecutionListener, org.springframework.boot.test.autoconfigure.restdocs.RestDocsTestExecutionListener, org.springframework.boot.test.autoconfigure.web.client.MockRestServiceServerResetTestExecutionListener, org.springframework.boot.test.autoconfigure.web.servlet.MockMvcPrintOnlyOnFailureTestExecutionListener, org.springframework.boot.test.autoconfigure.web.servlet.WebDriverTestExecutionListener, org.springframework.boot.test.mock.mockito.MockitoTestExecutionListener, org.springframework.boot.test.mock.mockito.ResetMocksTestExecutionListener, org.springframework.test.context.web.ServletTestExecutionListener, org.springframework.test.context.support.DirtiesContextBeforeModesTestExecutionListener, org.springframework.test.context.support.DependencyInjectionTestExecutionListener, org.springframework.test.context.support.DirtiesContextTestExecutionListener, org.springframework.test.context.transaction.TransactionalTestExecutionListener, org.springframework.test.context.jdbc.SqlScriptsTestExecutionListener]
2020-01-28 18:05:22.681  INFO 17872 --- [    Test worker] .b.t.c.SpringBootTestContextBootstrapper : Using TestExecutionListeners: [org.springframework.test.context.web.ServletTestExecutionListener@2ba30054, org.springframework.test.context.support.DirtiesContextBeforeModesTestExecutionListener@3e40fc6d, org.springframework.boot.test.mock.mockito.MockitoTestExecutionListener@13788c0, org.springframework.boot.test.autoconfigure.SpringBootDependencyInjectionTestExecutionListener@24932b6a, org.springframework.test.context.support.DirtiesContextTestExecutionListener@17813e0c, org.springframework.test.context.transaction.TransactionalTestExecutionListener@2e9b0b05, org.springframework.test.context.jdbc.SqlScriptsTestExecutionListener@1357e79e, org.springframework.security.test.context.support.WithSecurityContextTestExecutionListener@2ea256e5, org.springframework.security.test.context.support.ReactorContextTestExecutionListener@30cd7c63, org.springframework.boot.test.autoconfigure.restdocs.RestDocsTestExecutionListener@46789a5c, org.springframework.boot.test.autoconfigure.web.client.MockRestServiceServerResetTestExecutionListener@6abfee1a, org.springframework.boot.test.autoconfigure.web.servlet.MockMvcPrintOnlyOnFailureTestExecutionListener@569698d6, org.springframework.boot.test.autoconfigure.web.servlet.WebDriverTestExecutionListener@de3c803, org.springframework.boot.test.mock.mockito.ResetMocksTestExecutionListener@fcb0999]
2020-01-28 18:05:22.690  INFO 17872 --- [    Test worker] o.a.c.c.C.[Tomcat].[localhost].[/]       : Initializing Spring TestDispatcherServlet ''
2020-01-28 18:05:22.690  INFO 17872 --- [    Test worker] o.s.t.web.servlet.TestDispatcherServlet  : Initializing Servlet ''
2020-01-28 18:05:22.693  INFO 17872 --- [    Test worker] o.s.t.web.servlet.TestDispatcherServlet  : Completed initialization in 3 ms
Hibernate: insert into posts (created_date, modified_date, author, content, title) values (?, ?, ?, ?, ?)
Hibernate: select posts0_.id as id1_0_0_, posts0_.created_date as created_2_0_0_, posts0_.modified_date as modified3_0_0_, posts0_.author as author4_0_0_, posts0_.content as content5_0_0_, posts0_.title as title6_0_0_ from posts posts0_ where posts0_.id=?
Hibernate: update posts set created_date=?, modified_date=?, author=?, content=?, title=? where id=?
Hibernate: select posts0_.id as id1_0_, posts0_.created_date as created_2_0_, posts0_.modified_date as modified3_0_, posts0_.author as author4_0_, posts0_.content as content5_0_, posts0_.title as title6_0_ from posts posts0_
Hibernate: select posts0_.id as id1_0_, posts0_.created_date as created_2_0_, posts0_.modified_date as modified3_0_, posts0_.author as author4_0_, posts0_.content as content5_0_, posts0_.title as title6_0_ from posts posts0_
Hibernate: delete from posts where id=?
2020-01-28 18:05:22.746  INFO 17872 --- [    Test worker] o.a.c.c.C.[Tomcat].[localhost].[/]       : Initializing Spring TestDispatcherServlet ''
2020-01-28 18:05:22.746  INFO 17872 --- [    Test worker] o.s.t.web.servlet.TestDispatcherServlet  : Initializing Servlet ''
2020-01-28 18:05:22.749  INFO 17872 --- [    Test worker] o.s.t.web.servlet.TestDispatcherServlet  : Completed initialization in 3 ms
Hibernate: insert into posts (created_date, modified_date, author, content, title) values (?, ?, ?, ?, ?)
Hibernate: select posts0_.id as id1_0_, posts0_.created_date as created_2_0_, posts0_.modified_date as modified3_0_, posts0_.author as author4_0_, posts0_.content as content5_0_, posts0_.title as title6_0_ from posts posts0_
Hibernate: select posts0_.id as id1_0_, posts0_.created_date as created_2_0_, posts0_.modified_date as modified3_0_, posts0_.author as author4_0_, posts0_.content as content5_0_, posts0_.title as title6_0_ from posts posts0_
Hibernate: delete from posts where id=?
]]></system-out>
  <system-err><![CDATA[]]></system-err>
</testsuite>
