<?xml version="1.0" encoding="UTF-8"?>
<testsuite name="com.buildsomething.zs.springboot.web.PostsApiControllerTest" tests="2" skipped="0" failures="0" errors="0" timestamp="2020-01-23T02:15:12" hostname="405-14-PC" time="0.092">
  <properties/>
  <testcase name="Posts_Modify" classname="com.buildsomething.zs.springboot.web.PostsApiControllerTest" time="0.073"/>
  <testcase name="Posts_insert" classname="com.buildsomething.zs.springboot.web.PostsApiControllerTest" time="0.018"/>
  <system-out><![CDATA[2020-01-23 11:15:12.970  INFO 4744 --- [    Test worker] .b.t.c.SpringBootTestContextBootstrapper : Neither @ContextConfiguration nor @ContextHierarchy found for test class [com.buildsomething.zs.springboot.web.PostsApiControllerTest], using SpringBootContextLoader
2020-01-23 11:15:12.971  INFO 4744 --- [    Test worker] o.s.t.c.support.AbstractContextLoader    : Could not detect default resource locations for test class [com.buildsomething.zs.springboot.web.PostsApiControllerTest]: no resource found for suffixes {-context.xml, Context.groovy}.
2020-01-23 11:15:12.971  INFO 4744 --- [    Test worker] t.c.s.AnnotationConfigContextLoaderUtils : Could not detect default configuration classes for test class [com.buildsomething.zs.springboot.web.PostsApiControllerTest]: PostsApiControllerTest does not declare any static, non-private, non-final, nested classes annotated with @Configuration.
2020-01-23 11:15:12.973  INFO 4744 --- [    Test worker] .b.t.c.SpringBootTestContextBootstrapper : Found @SpringBootConfiguration com.buildsomething.zs.springboot.Application for test class com.buildsomething.zs.springboot.web.PostsApiControllerTest
2020-01-23 11:15:12.974  INFO 4744 --- [    Test worker] .b.t.c.SpringBootTestContextBootstrapper : Loaded default TestExecutionListener class names from location [META-INF/spring.factories]: [org.springframework.security.test.context.support.WithSecurityContextTestExecutionListener, org.springframework.security.test.context.support.ReactorContextTestExecutionListener, org.springframework.boot.test.autoconfigure.restdocs.RestDocsTestExecutionListener, org.springframework.boot.test.autoconfigure.web.client.MockRestServiceServerResetTestExecutionListener, org.springframework.boot.test.autoconfigure.web.servlet.MockMvcPrintOnlyOnFailureTestExecutionListener, org.springframework.boot.test.autoconfigure.web.servlet.WebDriverTestExecutionListener, org.springframework.boot.test.mock.mockito.MockitoTestExecutionListener, org.springframework.boot.test.mock.mockito.ResetMocksTestExecutionListener, org.springframework.test.context.web.ServletTestExecutionListener, org.springframework.test.context.support.DirtiesContextBeforeModesTestExecutionListener, org.springframework.test.context.support.DependencyInjectionTestExecutionListener, org.springframework.test.context.support.DirtiesContextTestExecutionListener, org.springframework.test.context.transaction.TransactionalTestExecutionListener, org.springframework.test.context.jdbc.SqlScriptsTestExecutionListener]
2020-01-23 11:15:12.974  INFO 4744 --- [    Test worker] .b.t.c.SpringBootTestContextBootstrapper : Using TestExecutionListeners: [org.springframework.test.context.web.ServletTestExecutionListener@57ed1172, org.springframework.test.context.support.DirtiesContextBeforeModesTestExecutionListener@31f1b93c, org.springframework.boot.test.mock.mockito.MockitoTestExecutionListener@b311622, org.springframework.boot.test.autoconfigure.SpringBootDependencyInjectionTestExecutionListener@b53ee89, org.springframework.test.context.support.DirtiesContextTestExecutionListener@348a1810, org.springframework.test.context.transaction.TransactionalTestExecutionListener@88e7fe4, org.springframework.test.context.jdbc.SqlScriptsTestExecutionListener@b0df8d1, org.springframework.security.test.context.support.WithSecurityContextTestExecutionListener@1f3e789f, org.springframework.security.test.context.support.ReactorContextTestExecutionListener@7b10a9f0, org.springframework.boot.test.autoconfigure.restdocs.RestDocsTestExecutionListener@1a8829, org.springframework.boot.test.autoconfigure.web.client.MockRestServiceServerResetTestExecutionListener@64b5338b, org.springframework.boot.test.autoconfigure.web.servlet.MockMvcPrintOnlyOnFailureTestExecutionListener@8a34502, org.springframework.boot.test.autoconfigure.web.servlet.WebDriverTestExecutionListener@760222cf, org.springframework.boot.test.mock.mockito.ResetMocksTestExecutionListener@228db7e6]
2020-01-23 11:15:12.982  INFO 4744 --- [    Test worker] o.a.c.c.C.[Tomcat].[localhost].[/]       : Initializing Spring TestDispatcherServlet ''
2020-01-23 11:15:12.982  INFO 4744 --- [    Test worker] o.s.t.web.servlet.TestDispatcherServlet  : Initializing Servlet ''
2020-01-23 11:15:12.985  INFO 4744 --- [    Test worker] o.s.t.web.servlet.TestDispatcherServlet  : Completed initialization in 3 ms
Hibernate: insert into posts (created_date, modified_date, author, content, title) values (?, ?, ?, ?, ?)
Hibernate: select posts0_.id as id1_0_0_, posts0_.created_date as created_2_0_0_, posts0_.modified_date as modified3_0_0_, posts0_.author as author4_0_0_, posts0_.content as content5_0_0_, posts0_.title as title6_0_0_ from posts posts0_ where posts0_.id=?
Hibernate: update posts set created_date=?, modified_date=?, author=?, content=?, title=? where id=?
Hibernate: select posts0_.id as id1_0_, posts0_.created_date as created_2_0_, posts0_.modified_date as modified3_0_, posts0_.author as author4_0_, posts0_.content as content5_0_, posts0_.title as title6_0_ from posts posts0_
Hibernate: select posts0_.id as id1_0_, posts0_.created_date as created_2_0_, posts0_.modified_date as modified3_0_, posts0_.author as author4_0_, posts0_.content as content5_0_, posts0_.title as title6_0_ from posts posts0_
Hibernate: delete from posts where id=?
2020-01-23 11:15:13.053  INFO 4744 --- [    Test worker] o.a.c.c.C.[Tomcat].[localhost].[/]       : Initializing Spring TestDispatcherServlet ''
2020-01-23 11:15:13.053  INFO 4744 --- [    Test worker] o.s.t.web.servlet.TestDispatcherServlet  : Initializing Servlet ''
2020-01-23 11:15:13.056  INFO 4744 --- [    Test worker] o.s.t.web.servlet.TestDispatcherServlet  : Completed initialization in 3 ms
Hibernate: insert into posts (created_date, modified_date, author, content, title) values (?, ?, ?, ?, ?)
Hibernate: select posts0_.id as id1_0_, posts0_.created_date as created_2_0_, posts0_.modified_date as modified3_0_, posts0_.author as author4_0_, posts0_.content as content5_0_, posts0_.title as title6_0_ from posts posts0_
Hibernate: select posts0_.id as id1_0_, posts0_.created_date as created_2_0_, posts0_.modified_date as modified3_0_, posts0_.author as author4_0_, posts0_.content as content5_0_, posts0_.title as title6_0_ from posts posts0_
Hibernate: delete from posts where id=?
]]></system-out>
  <system-err><![CDATA[]]></system-err>
</testsuite>
